f:\c++\opengl\opengl\debug\vc142.pdb
f:\c++\opengl\opengl\debug\vc142.idb
f:\c++\opengl\opengl\debug\glad.obj
f:\c++\opengl\opengl\debug\vector2array.obj
f:\c++\opengl\opengl\debug\vector2.obj
f:\c++\opengl\opengl\debug\sphsystemdata2.obj
f:\c++\opengl\opengl\debug\physicsanimation.obj
f:\c++\opengl\opengl\debug\pbf_collision.obj
f:\c++\opengl\opengl\debug\pbfsolver.obj
f:\c++\opengl\opengl\debug\pbfdata2.obj
f:\c++\opengl\opengl\debug\particlesystemdata2.obj
f:\c++\opengl\opengl\debug\neighborsearcher2.obj
f:\c++\opengl\opengl\debug\main.obj
f:\c++\opengl\opengl\debug\geometry.obj
f:\c++\opengl\opengl\debug\doublearray.obj
f:\c++\opengl\opengl\debug\collision.obj
f:\c++\opengl\opengl\debug\stb.obj
f:\c++\opengl\opengl\debug\shader.obj
f:\c++\opengl\opengl\debug\camera.obj
f:\c++\opengl\opengl\debug\sphsystemsolver2.obj
f:\c++\opengl\opengl\debug\particlesystemsolver2.obj
f:\c++\opengl\debug\opengl.exe
f:\c++\opengl\debug\opengl.pdb
f:\c++\opengl\opengl\debug\opengl.tlog\cl.command.1.tlog
f:\c++\opengl\opengl\debug\opengl.tlog\cl.read.1.tlog
f:\c++\opengl\opengl\debug\opengl.tlog\cl.write.1.tlog
f:\c++\opengl\opengl\debug\opengl.tlog\link.command.1.tlog
f:\c++\opengl\opengl\debug\opengl.tlog\link.read.1.tlog
f:\c++\opengl\opengl\debug\opengl.tlog\link.write.1.tlog
